
> vibe-generated-app@1.0.0 dev
> vite


  VITE v5.4.20  ready in 374 ms

  ➜  Local:   http://localhost:3000/
  ➜  Network: http://172.20.11.69:3000/
10:28:16 AM [vite] Pre-transform error: Transform failed with 1 error:
/home/workspace/src/components/NUITester.jsx:137:54: ERROR: Expected ";" but found "No"
10:28:17 AM [vite] Internal server error: Transform failed with 1 error:
/home/workspace/src/components/NUITester.jsx:137:54: ERROR: Expected ";" but found "No"
  Plugin: vite:esbuild
  File: /home/workspace/src/components/NUITester.jsx:137:54
  
  Expected ";" but found "No"
  135|                cb(data, (res) => send('callback', { name, data: res }));
  136|              } else {
  137|                send('console', { level: 'warn', args:[`No NUI callback registered for ${name}`]});
     |                                                        ^
  138|              }
  139|            } catch (err) {
  
      at failureErrorWithLog (/home/workspace/node_modules/esbuild/lib/main.js:1472:15)
      at /home/workspace/node_modules/esbuild/lib/main.js:755:50
      at responseCallbacks.<computed> (/home/workspace/node_modules/esbuild/lib/main.js:622:9)
      at handleIncomingPacket (/home/workspace/node_modules/esbuild/lib/main.js:677:12)
      at Socket.readFromStdout (/home/workspace/node_modules/esbuild/lib/main.js:600:7)
      at Socket.emit (node:events:508:28)
      at addChunk (node:internal/streams/readable:559:12)
      at readableAddChunkPushByteMode (node:internal/streams/readable:510:3)
      at Readable.push (node:internal/streams/readable:390:5)
      at Pipe.onStreamRead (node:internal/stream_base_commons:189:23)
10:28:44 AM [vite] Internal server error: Transform failed with 1 error:
/home/workspace/src/components/NUITester.jsx:137:54: ERROR: Expected ";" but found "No"
  Plugin: vite:esbuild
  File: /home/workspace/src/components/NUITester.jsx:137:54
  
  Expected ";" but found "No"
  135|                cb(data, (res) => send('callback', { name, data: res }));
  136|              } else {
  137|                send('console', { level: 'warn', args:[`No NUI callback registered for ${name}`]});
     |                                                        ^
  138|              }
  139|            } catch (err) {
  
      at failureErrorWithLog (/home/workspace/node_modules/esbuild/lib/main.js:1472:15)
      at /home/workspace/node_modules/esbuild/lib/main.js:755:50
      at responseCallbacks.<computed> (/home/workspace/node_modules/esbuild/lib/main.js:622:9)
      at handleIncomingPacket (/home/workspace/node_modules/esbuild/lib/main.js:677:12)
      at Socket.readFromStdout (/home/workspace/node_modules/esbuild/lib/main.js:600:7)
      at Socket.emit (node:events:508:28)
      at addChunk (node:internal/streams/readable:559:12)
      at readableAddChunkPushByteMode (node:internal/streams/readable:510:3)
      at Readable.push (node:internal/streams/readable:390:5)
      at Pipe.onStreamRead (node:internal/stream_base_commons:189:23)
